/home/priyam/linux/24-02-2023
 hello
delaycode.bash
nohup.out
Friday 24 February 2023 12:16:10 PM IST
   February 2023      
Su Mo Tu We Th Fr Sa  
          1  2  3  4  
 5  6  7  8  9 10 11  
12 13 14 15 16 17 18  
19 20 21 22 23 _2_4 25  
26 27 28              
                      
0.00user 0.00system 0:50.05elapsed 0%CPU (0avgtext+0avgdata 3304maxresident)k
0inputs+16outputs (0major+959minor)pagefaults 0swaps
/home/priyam/linux/24-02-2023
 hello
delaycode.bash
nohup.out
Friday 24 February 2023 12:36:14 PM IST
   February 2023      
Su Mo Tu We Th Fr Sa  
          1  2  3  4  
 5  6  7  8  9 10 11  
12 13 14 15 16 17 18  
19 20 21 22 23 _2_4 25  
26 27 28              
                      
0.01user 0.00system 0:50.05elapsed 0%CPU (0avgtext+0avgdata 3300maxresident)k
0inputs+16outputs (0major+961minor)pagefaults 0swaps
